<?xml version="1.0" encoding="UTF-8"?>
<!-- Generated by org.testng.reporters.JUnitXMLReporter -->
<testsuite ignored="0" hostname="Qualitrix-LinuxPC" failures="1" tests="1" name="Test" time="213.294" errors="0" timestamp="25 Apr 2019 09:36:01 GMT">
  <testcase classname="org.testscript.workspace.ConsumeOpenCourseByPublicUserAndCheckCourseStatAsMentor" name="consumeOpenCourseByPublicUserAndCheckCourseStatAsMentor" time="207.885">
    <failure type="java.lang.AssertionError" message="Failed to create open batch, Exceptionunknown error: Element &amp;lt;button _ngcontent-c7=&amp;quot;&amp;quot; apptelemetryinteract=&amp;quot;&amp;quot; class=&amp;quot;sb-btn sb-btn-primary sb-btn-normal width-100 mt-10&amp;quot;&amp;gt;...&amp;lt;/button&amp;gt; is not clickable at point (1115, 169). Other element would receive the click: &amp;lt;sui-dimmer _ngcontent-c3=&amp;quot;&amp;quot; class=&amp;quot;page transition ui dimmer active visible&amp;quot; _nghost-c13=&amp;quot;&amp;quot; style=&amp;quot;&amp;quot;&amp;gt;...&amp;lt;/sui-dimmer&amp;gt;
  (Session info: chrome=70.0.3538.67)
  (Driver info: chromedriver=2.41.578700 (2f1ed5f9343c13f73144538f15c00b370eda6706),platform=Linux 4.15.0-46-generic x86_64) (WARNING: The server did not provide any stacktrace information)
Command duration or timeout: 0 milliseconds
Build info: version: &amp;apos;3.12.0&amp;apos;, revision: &amp;apos;7c6e0b3&amp;apos;, time: &amp;apos;2018-05-08T14:04:26.12Z&amp;apos;
System info: host: &amp;apos;Qualitrix-LinuxPC&amp;apos;, ip: &amp;apos;127.0.1.1&amp;apos;, os.name: &amp;apos;Linux&amp;apos;, os.arch: &amp;apos;amd64&amp;apos;, os.version: &amp;apos;4.15.0-46-generic&amp;apos;, java.version: &amp;apos;11.0.2&amp;apos;
Driver info: org.openqa.selenium.chrome.ChromeDriver
Capabilities {acceptInsecureCerts: false, acceptSslCerts: false, applicationCacheEnabled: false, browserConnectionEnabled: false, browserName: chrome, chrome: {chromedriverVersion: 2.41.578700 (2f1ed5f9343c13..., userDataDir: /tmp/.org.chromium.Chromium...}, cssSelectorsEnabled: true, databaseEnabled: false, goog:chromeOptions: {debuggerAddress: localhost:36033}, handlesAlerts: true, hasTouchScreen: false, javascriptEnabled: true, locationContextEnabled: true, mobileEmulationEnabled: false, nativeEvents: true, networkConnectionEnabled: false, pageLoadStrategy: normal, platform: LINUX, platformName: LINUX, rotatable: false, setWindowRect: true, takesHeapSnapshot: true, takesScreenshot: true, unexpectedAlertBehaviour: , unhandledPromptBehavior: , version: 70.0.3538.67, webStorageEnabled: true}
Session ID: 1f5320d994c4f629ca1a5d126656b58d">
      <![CDATA[java.lang.AssertionError: Failed to create open batch, Exceptionunknown error: Element <button _ngcontent-c7="" apptelemetryinteract="" class="sb-btn sb-btn-primary sb-btn-normal width-100 mt-10">...</button> is not clickable at point (1115, 169). Other element would receive the click: <sui-dimmer _ngcontent-c3="" class="page transition ui dimmer active visible" _nghost-c13="" style="">...</sui-dimmer>
  (Session info: chrome=70.0.3538.67)
  (Driver info: chromedriver=2.41.578700 (2f1ed5f9343c13f73144538f15c00b370eda6706),platform=Linux 4.15.0-46-generic x86_64) (WARNING: The server did not provide any stacktrace information)
Command duration or timeout: 0 milliseconds
Build info: version: '3.12.0', revision: '7c6e0b3', time: '2018-05-08T14:04:26.12Z'
System info: host: 'Qualitrix-LinuxPC', ip: '127.0.1.1', os.name: 'Linux', os.arch: 'amd64', os.version: '4.15.0-46-generic', java.version: '11.0.2'
Driver info: org.openqa.selenium.chrome.ChromeDriver
Capabilities {acceptInsecureCerts: false, acceptSslCerts: false, applicationCacheEnabled: false, browserConnectionEnabled: false, browserName: chrome, chrome: {chromedriverVersion: 2.41.578700 (2f1ed5f9343c13..., userDataDir: /tmp/.org.chromium.Chromium...}, cssSelectorsEnabled: true, databaseEnabled: false, goog:chromeOptions: {debuggerAddress: localhost:36033}, handlesAlerts: true, hasTouchScreen: false, javascriptEnabled: true, locationContextEnabled: true, mobileEmulationEnabled: false, nativeEvents: true, networkConnectionEnabled: false, pageLoadStrategy: normal, platform: LINUX, platformName: LINUX, rotatable: false, setWindowRect: true, takesHeapSnapshot: true, takesScreenshot: true, unexpectedAlertBehaviour: , unhandledPromptBehavior: , version: 70.0.3538.67, webStorageEnabled: true}
Session ID: 1f5320d994c4f629ca1a5d126656b58d
	at org.pageobjects.CreateMentorPageObj.createOpenBatch(CreateMentorPageObj.java:516)
	at org.testscript.workspace.ConsumeOpenCourseByPublicUserAndCheckCourseStatAsMentor.consumeOpenCourseByPublicUserAndCheckCourseStatAsMentor(ConsumeOpenCourseByPublicUserAndCheckCourseStatAsMentor.java:98)
... Removed 26 stack frames]]>
    </failure>
  </testcase> <!-- consumeOpenCourseByPublicUserAndCheckCourseStatAsMentor -->
</testsuite> <!-- Test -->
