<?xml version="1.0" encoding="UTF-8"?>
<!-- Generated by org.testng.reporters.JUnitReportReporter -->
<testsuite ignored="0" hostname="Qualitrix-LinuxPC" failures="1" tests="1" name="org.testscript.explorecoursepage.SearchContentWithFiltersInExploreCoursePage" time="129.506" errors="0" timestamp="24 Apr 2019 22:21:57 GMT" skipped="0">
  <testcase classname="org.testscript.explorecoursepage.SearchContentWithFiltersInExploreCoursePage" name="searchContentWithFiltersInExploreCoursePage" time="129.506">
    <failure message="Failed on Searching Content using Filter,Expected condition failed: waiting for visibility of Proxy element for: DefaultElementLocator &#039;By.xpath: //h4[contains(@class,&#039;title&#039;)][1]&#039; (tried for 30 second(s) with 500 milliseconds interval)" type="java.lang.AssertionError">
      <![CDATA[java.lang.AssertionError: Failed on Searching Content using Filter,Expected condition failed: waiting for visibility of Proxy element for: DefaultElementLocator 'By.xpath: //h4[contains(@class,'title')][1]' (tried for 30 second(s) with 500 milliseconds interval)
	at org.testng.Assert.fail(Assert.java:94)
	at org.pageobjects.LibraryPageObj.searchContentWithFilter(LibraryPageObj.java:437)
	at org.testscript.explorecoursepage.SearchContentWithFiltersInExploreCoursePage.searchContentWithFiltersInExploreCoursePage(SearchContentWithFiltersInExploreCoursePage.java:19)
	at java.base/jdk.internal.reflect.NativeMethodAccessorImpl.invoke0(Native Method)
	at java.base/jdk.internal.reflect.NativeMethodAccessorImpl.invoke(NativeMethodAccessorImpl.java:62)
	at java.base/jdk.internal.reflect.DelegatingMethodAccessorImpl.invoke(DelegatingMethodAccessorImpl.java:43)
	at java.base/java.lang.reflect.Method.invoke(Method.java:564)
	at org.testng.internal.MethodInvocationHelper.invokeMethod(MethodInvocationHelper.java:104)
	at org.testng.internal.Invoker.invokeMethod(Invoker.java:645)
	at org.testng.internal.Invoker.invokeTestMethod(Invoker.java:851)
	at org.testng.internal.Invoker.invokeTestMethods(Invoker.java:1177)
	at org.testng.internal.TestMethodWorker.invokeTestMethods(TestMethodWorker.java:129)
	at org.testng.internal.TestMethodWorker.run(TestMethodWorker.java:112)
	at org.testng.TestRunner.privateRun(TestRunner.java:756)
	at org.testng.TestRunner.run(TestRunner.java:610)
	at org.testng.SuiteRunner.runTest(SuiteRunner.java:387)
	at org.testng.SuiteRunner.runSequentially(SuiteRunner.java:382)
	at org.testng.SuiteRunner.privateRun(SuiteRunner.java:340)
	at org.testng.SuiteRunner.run(SuiteRunner.java:289)
	at org.testng.SuiteRunnerWorker.runSuite(SuiteRunnerWorker.java:52)
	at org.testng.SuiteRunnerWorker.run(SuiteRunnerWorker.java:86)
	at org.testng.TestNG.runSuitesSequentially(TestNG.java:1293)
	at org.testng.TestNG.runSuitesLocally(TestNG.java:1218)
	at org.testng.TestNG.runSuites(TestNG.java:1133)
	at org.testng.TestNG.run(TestNG.java:1104)
	at org.testng.remote.AbstractRemoteTestNG.run(AbstractRemoteTestNG.java:114)
	at org.testng.remote.RemoteTestNG.initAndRun(RemoteTestNG.java:251)
	at org.testng.remote.RemoteTestNG.main(RemoteTestNG.java:77)
]]>
    </failure>
  </testcase> <!-- searchContentWithFiltersInExploreCoursePage -->
</testsuite> <!-- org.testscript.explorecoursepage.SearchContentWithFiltersInExploreCoursePage -->
